2008-12-27 21:42:53,443 [AWT-EventQueue-0] INFO  picocash.services.Services - setSelectededPerManager to [picocash.db4o.connector.PicocashDb4oConnector]
2008-12-27 21:44:03,098 [AWT-EventQueue-0] INFO  picocash.services.Services - setSelectededPerManager to [picocash.db4o.connector.PicocashDb4oConnector]
2008-12-28 09:22:58,500 [AWT-EventQueue-0] INFO  picocash.services.Services - setSelectededPerManager to [picocash.db4o.connector.PicocashDb4oConnector]
2008-12-28 09:23:08,065 [AWT-EventQueue-0] DEBUG picocash.export.XMLDefaultHandler - URI [] localName [] qName [ picocash_model_backup] Attributes [0]
2008-12-28 09:23:08,065 [AWT-EventQueue-0] DEBUG picocash.export.XMLDefaultHandler - URI [] localName [] qName [ accounts] Attributes [0]
2008-12-28 09:23:08,067 [AWT-EventQueue-0] DEBUG picocash.export.XMLDefaultHandler - URI [] localName [] qName [ payees] Attributes [0]
2008-12-28 09:23:08,068 [AWT-EventQueue-0] DEBUG picocash.export.XMLDefaultHandler - URI [] localName [] qName [ categories] Attributes [0]
2008-12-28 09:23:08,069 [AWT-EventQueue-0] DEBUG picocash.export.XMLDefaultHandler - URI [] localName [] qName [ transactions] Attributes [0]
2008-12-28 09:25:15,623 [AWT-EventQueue-0] INFO  picocash.services.Services - setSelectededPerManager to [picocash.db4o.connector.PicocashDb4oConnector]
2008-12-28 09:25:33,668 [AWT-EventQueue-0] DEBUG picocash.Picocash - ManageTransactionDialog [CANCEL]
2008-12-28 09:27:51,704 [AWT-EventQueue-0] INFO  picocash.services.Services - setSelectededPerManager to [picocash.db4o.connector.PicocashDb4oConnector]
2008-12-28 09:28:15,060 [AWT-EventQueue-0] DEBUG picocash.Picocash - ManageTransactionDialog [CANCEL]
2008-12-28 09:29:06,683 [AWT-EventQueue-0] INFO  picocash.services.Services - setSelectededPerManager to [picocash.db4o.connector.PicocashDb4oConnector]
2008-12-28 09:29:16,830 [AWT-EventQueue-0] DEBUG picocash.export.XMLDefaultHandler - URI [] localName [] qName [ picocash_model_backup] Attributes [0]
2008-12-28 09:29:16,831 [AWT-EventQueue-0] DEBUG picocash.export.XMLDefaultHandler - URI [] localName [] qName [ accounts] Attributes [0]
2008-12-28 09:29:16,832 [AWT-EventQueue-0] DEBUG picocash.export.XMLDefaultHandler - URI [] localName [] qName [ payees] Attributes [0]
2008-12-28 09:29:16,833 [AWT-EventQueue-0] DEBUG picocash.export.XMLDefaultHandler - URI [] localName [] qName [ categories] Attributes [0]
2008-12-28 09:29:16,834 [AWT-EventQueue-0] DEBUG picocash.export.XMLDefaultHandler - URI [] localName [] qName [ transactions] Attributes [0]
2008-12-28 09:30:51,411 [AWT-EventQueue-0] INFO  picocash.services.Services - setSelectededPerManager to [picocash.db4o.connector.PicocashDb4oConnector]
2008-12-28 09:30:58,833 [AWT-EventQueue-0] DEBUG picocash.export.XMLDefaultHandler - URI [] localName [] qName [ picocash_model_backup] Attributes [0]
2008-12-28 09:30:58,834 [AWT-EventQueue-0] DEBUG picocash.export.XMLDefaultHandler - URI [] localName [] qName [ accounts] Attributes [0]
2008-12-28 09:30:58,835 [AWT-EventQueue-0] DEBUG picocash.export.XMLDefaultHandler - URI [] localName [] qName [ payees] Attributes [0]
2008-12-28 09:30:58,836 [AWT-EventQueue-0] DEBUG picocash.export.XMLDefaultHandler - URI [] localName [] qName [ categories] Attributes [0]
2008-12-28 09:30:58,837 [AWT-EventQueue-0] DEBUG picocash.export.XMLDefaultHandler - URI [] localName [] qName [ transactions] Attributes [0]
2008-12-28 09:31:10,601 [AWT-EventQueue-0] INFO  picocash.services.Services - setSelectededPerManager to [picocash.db4o.connector.PicocashDb4oConnector]
2008-12-28 09:33:31,017 [AWT-EventQueue-0] INFO  picocash.services.Services - setSelectededPerManager to [picocash.db4o.connector.PicocashDb4oConnector]
2008-12-28 09:33:43,778 [AWT-EventQueue-0] DEBUG picocash.export.XMLDefaultHandler - URI [] localName [] qName [ picocash_model_backup] Attributes [0]
2008-12-28 09:33:43,779 [AWT-EventQueue-0] DEBUG picocash.export.XMLDefaultHandler - URI [] localName [] qName [ accounts] Attributes [0]
2008-12-28 09:33:43,780 [AWT-EventQueue-0] DEBUG picocash.export.XMLDefaultHandler - URI [] localName [] qName [ payees] Attributes [0]
2008-12-28 09:33:43,781 [AWT-EventQueue-0] DEBUG picocash.export.XMLDefaultHandler - URI [] localName [] qName [ categories] Attributes [0]
2008-12-28 09:33:43,782 [AWT-EventQueue-0] DEBUG picocash.export.XMLDefaultHandler - URI [] localName [] qName [ transactions] Attributes [0]
2008-12-28 09:34:08,363 [AWT-EventQueue-0] INFO  picocash.services.Services - setSelectededPerManager to [picocash.db4o.connector.PicocashDb4oConnector]
2008-12-28 09:34:28,646 [AWT-EventQueue-0] DEBUG picocash.Picocash - ManageTransactionDialog [CANCEL]
2008-12-28 09:34:34,757 [AWT-EventQueue-0] DEBUG picocash.Picocash - ManageTransactionDialog [CANCEL]
2008-12-28 09:35:03,031 [AWT-EventQueue-0] INFO  picocash.services.Services - setSelectededPerManager to [picocash.db4o.connector.PicocashDb4oConnector]
2008-12-28 09:35:47,417 [AWT-EventQueue-0] DEBUG picocash.export.XMLDefaultHandler - URI [] localName [] qName [ picocash_model_backup] Attributes [0]
2008-12-28 09:35:47,417 [AWT-EventQueue-0] DEBUG picocash.export.XMLDefaultHandler - URI [] localName [] qName [ accounts] Attributes [0]
2008-12-28 09:35:47,419 [AWT-EventQueue-0] DEBUG picocash.export.XMLDefaultHandler - URI [] localName [] qName [ payees] Attributes [0]
2008-12-28 09:35:47,420 [AWT-EventQueue-0] DEBUG picocash.export.XMLDefaultHandler - URI [] localName [] qName [ categories] Attributes [0]
2008-12-28 09:35:47,421 [AWT-EventQueue-0] DEBUG picocash.export.XMLDefaultHandler - URI [] localName [] qName [ transactions] Attributes [0]
2008-12-28 09:37:24,311 [AWT-EventQueue-0] INFO  picocash.services.Services - setSelectededPerManager to [picocash.db4o.connector.PicocashDb4oConnector]
2008-12-28 09:39:58,653 [AWT-EventQueue-0] INFO  picocash.services.Services - setSelectededPerManager to [picocash.db4o.connector.PicocashDb4oConnector]
2008-12-28 09:40:07,921 [AWT-EventQueue-0] INFO  picocash.services.Services - setSelectededPerManager to [picocash.db4o.connector.PicocashDb4oConnector]
2008-12-28 09:42:32,451 [AWT-EventQueue-0] INFO  picocash.services.Services - setSelectededPerManager to [picocash.db4o.connector.PicocashDb4oConnector]
2008-12-28 09:42:41,312 [AWT-EventQueue-0] DEBUG picocash.export.XMLDefaultHandler - URI [] localName [] qName [ picocash_model_backup] Attributes [0]
2008-12-28 09:42:41,312 [AWT-EventQueue-0] DEBUG picocash.export.XMLDefaultHandler - URI [] localName [] qName [ accounts] Attributes [0]
2008-12-28 09:42:41,313 [AWT-EventQueue-0] DEBUG picocash.export.XMLDefaultHandler - URI [] localName [] qName [ payees] Attributes [0]
2008-12-28 09:42:41,315 [AWT-EventQueue-0] DEBUG picocash.export.XMLDefaultHandler - URI [] localName [] qName [ categories] Attributes [0]
2008-12-28 09:42:41,316 [AWT-EventQueue-0] DEBUG picocash.export.XMLDefaultHandler - URI [] localName [] qName [ transactions] Attributes [0]
2008-12-28 09:43:41,061 [AWT-EventQueue-0] INFO  picocash.services.Services - setSelectededPerManager to [picocash.db4o.connector.PicocashDb4oConnector]
2008-12-28 09:43:53,907 [AWT-EventQueue-0] DEBUG picocash.Picocash - ManageTransactionDialog [OK]
2008-12-28 09:44:14,099 [AWT-EventQueue-0] INFO  picocash.services.Services - setSelectededPerManager to [picocash.db4o.connector.PicocashDb4oConnector]
2008-12-28 09:44:35,541 [AWT-EventQueue-0] INFO  picocash.services.Services - setSelectededPerManager to [picocash.db4o.connector.PicocashDb4oConnector]
2008-12-28 09:44:54,400 [AWT-EventQueue-0] INFO  picocash.services.Services - setSelectededPerManager to [picocash.db4o.connector.PicocashDb4oConnector]
2008-12-28 09:45:47,239 [AWT-EventQueue-0] INFO  picocash.services.Services - setSelectededPerManager to [picocash.db4o.connector.PicocashDb4oConnector]
2008-12-28 09:45:53,415 [AWT-EventQueue-0] DEBUG picocash.export.XMLDefaultHandler - URI [] localName [] qName [ picocash_model_backup] Attributes [0]
2008-12-28 09:45:53,415 [AWT-EventQueue-0] DEBUG picocash.export.XMLDefaultHandler - URI [] localName [] qName [ accounts] Attributes [0]
2008-12-28 09:45:53,417 [AWT-EventQueue-0] DEBUG picocash.export.XMLDefaultHandler - URI [] localName [] qName [ payees] Attributes [0]
2008-12-28 09:45:53,418 [AWT-EventQueue-0] DEBUG picocash.export.XMLDefaultHandler - URI [] localName [] qName [ categories] Attributes [0]
2008-12-28 09:45:53,419 [AWT-EventQueue-0] DEBUG picocash.export.XMLDefaultHandler - URI [] localName [] qName [ transactions] Attributes [0]
2008-12-28 09:46:02,216 [AWT-EventQueue-0] INFO  picocash.services.Services - setSelectededPerManager to [picocash.db4o.connector.PicocashDb4oConnector]
2008-12-28 09:51:44,296 [AWT-EventQueue-0] INFO  picocash.services.Services - setSelectededPerManager to [picocash.db4o.connector.PicocashDb4oConnector]
2008-12-28 09:51:51,802 [AWT-EventQueue-0] DEBUG picocash.export.XMLDefaultHandler - URI [] localName [] qName [ picocash_model_backup] Attributes [0]
2008-12-28 09:51:51,803 [AWT-EventQueue-0] DEBUG picocash.export.XMLDefaultHandler - URI [] localName [] qName [ accounts] Attributes [0]
2008-12-28 09:51:51,804 [AWT-EventQueue-0] DEBUG picocash.export.XMLDefaultHandler - URI [] localName [] qName [ payees] Attributes [0]
2008-12-28 09:51:51,805 [AWT-EventQueue-0] DEBUG picocash.export.XMLDefaultHandler - URI [] localName [] qName [ categories] Attributes [0]
2008-12-28 09:51:51,806 [AWT-EventQueue-0] DEBUG picocash.export.XMLDefaultHandler - URI [] localName [] qName [ transactions] Attributes [0]
2008-12-28 09:52:04,299 [AWT-EventQueue-0] INFO  picocash.services.Services - setSelectededPerManager to [picocash.db4o.connector.PicocashDb4oConnector]
2008-12-28 09:53:00,679 [AWT-EventQueue-0] INFO  picocash.services.Services - setSelectededPerManager to [picocash.db4o.connector.PicocashDb4oConnector]
2008-12-28 09:53:07,682 [AWT-EventQueue-0] DEBUG picocash.export.XMLDefaultHandler - URI [] localName [] qName [ picocash_model_backup] Attributes [0]
2008-12-28 09:53:07,682 [AWT-EventQueue-0] DEBUG picocash.export.XMLDefaultHandler - URI [] localName [] qName [ accounts] Attributes [0]
2008-12-28 09:53:07,684 [AWT-EventQueue-0] DEBUG picocash.export.XMLDefaultHandler - URI [] localName [] qName [ payees] Attributes [0]
2008-12-28 09:53:07,685 [AWT-EventQueue-0] DEBUG picocash.export.XMLDefaultHandler - URI [] localName [] qName [ categories] Attributes [0]
2008-12-28 09:53:07,686 [AWT-EventQueue-0] DEBUG picocash.export.XMLDefaultHandler - URI [] localName [] qName [ transactions] Attributes [0]
2008-12-28 09:53:16,082 [AWT-EventQueue-0] INFO  picocash.services.Services - setSelectededPerManager to [picocash.db4o.connector.PicocashDb4oConnector]
2008-12-28 09:57:02,472 [AWT-EventQueue-0] INFO  picocash.services.Services - setSelectededPerManager to [picocash.db4o.connector.PicocashDb4oConnector]
2008-12-28 09:57:11,242 [AWT-EventQueue-0] INFO  picocash.export.ModelExporter - start export
2008-12-28 11:15:14,746 [AWT-EventQueue-0] INFO  picocash.services.Services - setSelectededPerManager to [picocash.db4o.connector.PicocashDb4oConnector]
2009-01-11 12:23:02,387 [AWT-EventQueue-0] INFO  picocash.services.Services - setSelectededPerManager to [picocash.db4o.connector.PicocashDb4oConnector]
2009-01-11 12:23:27,322 [AWT-EventQueue-0] DEBUG picocash.export.XMLDefaultHandler - URI [] localName [] qName [ picocash_model_backup] Attributes [0]
2009-01-11 12:23:27,322 [AWT-EventQueue-0] DEBUG picocash.export.XMLDefaultHandler - URI [] localName [] qName [ accounts] Attributes [0]
2009-01-11 12:23:27,342 [AWT-EventQueue-0] DEBUG picocash.export.XMLDefaultHandler - URI [] localName [] qName [ payees] Attributes [0]
2009-01-11 12:23:27,344 [AWT-EventQueue-0] DEBUG picocash.export.XMLDefaultHandler - URI [] localName [] qName [ categories] Attributes [0]
2009-01-11 12:23:27,345 [AWT-EventQueue-0] DEBUG picocash.export.XMLDefaultHandler - URI [] localName [] qName [ transactions] Attributes [0]
2009-01-11 12:24:09,861 [AWT-EventQueue-0] INFO  picocash.services.Services - setSelectededPerManager to [picocash.db4o.connector.PicocashDb4oConnector]
2009-01-11 13:07:04,352 [AWT-EventQueue-0] INFO  picocash.services.Services - setSelectededPerManager to [picocash.db4o.connector.PicocashDb4oConnector]
2009-01-11 13:07:57,085 [AWT-EventQueue-0] INFO  picocash.services.Services - setSelectededPerManager to [picocash.db4o.connector.PicocashDb4oConnector]
2009-01-11 13:19:26,257 [AWT-EventQueue-0] INFO  picocash.services.Services - setSelectededPerManager to [picocash.db4o.connector.PicocashDb4oConnector]
